Unity Editor version:    2021.3.9f1 (ad3870b89536)
Branch:                  2021.3/staging
Build type:              Release
Batch mode:              YES
macOS version:           Version 12.6 (Build 21G115)
Darwin version:          21.6.0
Architecture:            x86_64
Running under Rosetta:   NO
Available memory:        16384 MB
Using pre-set license
Pro License: YES

COMMAND LINE ARGUMENTS:
/Applications/Unity/Hub/Editor/2021.3.9f1/Unity.app/Contents/MacOS/Unity
-adb2
-batchMode
-noUpm
-name
AssetImportWorker8
-projectPath
/Users/dak_kiwon/My gms
-logFile
Logs/AssetImportWorker8.log
-srvPort
49583
Successfully changed project path to: /Users/dak_kiwon/My gms
/Users/dak_kiwon/My gms
[UnityMemory] Configuration Parameters - Can be set up in boot.config
    "memorysetup-bucket-allocator-granularity=16"
    "memorysetup-bucket-allocator-bucket-count=8"
    "memorysetup-bucket-allocator-block-size=33554432"
    "memorysetup-bucket-allocator-block-count=8"
    "memorysetup-main-allocator-block-size=16777216"
    "memorysetup-thread-allocator-block-size=16777216"
    "memorysetup-gfx-main-allocator-block-size=16777216"
    "memorysetup-gfx-thread-allocator-block-size=16777216"
    "memorysetup-cache-allocator-block-size=4194304"
    "memorysetup-typetree-allocator-block-size=2097152"
    "memorysetup-profiler-bucket-allocator-granularity=16"
    "memorysetup-profiler-bucket-allocator-bucket-count=8"
    "memorysetup-profiler-bucket-allocator-block-size=33554432"
    "memorysetup-profiler-bucket-allocator-block-count=8"
    "memorysetup-profiler-allocator-block-size=16777216"
    "memorysetup-profiler-editor-allocator-block-size=1048576"
    "memorysetup-temp-allocator-size-main=16777216"
    "memorysetup-job-temp-allocator-block-size=2097152"
    "memorysetup-job-temp-allocator-block-size-background=1048576"
    "memorysetup-job-temp-allocator-reduction-small-platforms=262144"
    "memorysetup-temp-allocator-size-background-worker=32768"
    "memorysetup-temp-allocator-size-job-worker=262144"
    "memorysetup-temp-allocator-size-preload-manager=33554432"
    "memorysetup-temp-allocator-size-nav-mesh-worker=65536"
    "memorysetup-temp-allocator-size-audio-worker=65536"
    "memorysetup-temp-allocator-size-cloud-worker=32768"
    "memorysetup-temp-allocator-size-gi-baking-worker=262144"
    "memorysetup-temp-allocator-size-gfx=262144"
Refreshing native plugins compatible for Editor in 146.67 ms, found 2 plugins.
Preloading 0 native plugins for Editor in 0.00 ms.
Initialize engine version: 2021.3.9f1 (ad3870b89536)
[Subsystems] Discovering subsystems at path /Applications/Unity/Hub/Editor/2021.3.9f1/Unity.app/Contents/Resources/UnitySubsystems
[Subsystems] Discovering subsystems at path /Users/dak_kiwon/My gms/Assets
GfxDevice: creating device client; threaded=0; jobified=0
Color LCD preferred device: Intel(R) UHD Graphics 630 (low power)
Metal devices available: 2
0: AMD Radeon Pro 555X (high power)
1: Intel(R) UHD Graphics 630 (low power)
Using device AMD Radeon Pro 555X (high power)
Initializing Metal device caps: AMD Radeon Pro 555X
Initialize mono
Mono path[0] = '/Applications/Unity/Hub/Editor/2021.3.9f1/Unity.app/Contents/Managed'
Mono path[1] = '/Applications/Unity/Hub/Editor/2021.3.9f1/Unity.app/Contents/MonoBleedingEdge/lib/mono/unityjit-macos'
Mono config path = '/Applications/Unity/Hub/Editor/2021.3.9f1/Unity.app/Contents/MonoBleedingEdge/etc'
Using monoOptions --debugger-agent=transport=dt_socket,embedding=1,server=y,suspend=n,address=127.0.0.1:56554
Begin MonoManager ReloadAssembly
Registering precompiled unity dll's ...
Register platform support module: /Applications/Unity/Hub/Editor/2021.3.9f1/PlaybackEngines/WebGLSupport/UnityEditor.WebGL.Extensions.dll
Register platform support module: /Applications/Unity/Hub/Editor/2021.3.9f1/Unity.app/Contents/PlaybackEngines/MacStandaloneSupport/UnityEditor.OSXStandalone.Extensions.dll
Register platform support module: /Applications/Unity/Hub/Editor/2021.3.9f1/PlaybackEngines/AndroidPlayer/UnityEditor.Android.Extensions.dll
Register platform support module: /Applications/Unity/Hub/Editor/2021.3.9f1/PlaybackEngines/iOSSupport/UnityEditor.iOS.Extensions.dll
Registered in 0.005925 seconds.
[usbmuxd] Start listen thread
[usbmuxd] Listen thread started
[usbmuxd] Send listen message
Native extension for iOS target not found
Native extension for Android target not found
Native extension for OSXStandalone target not found
Native extension for WebGL target not found
Refreshing native plugins compatible for Editor in 111.93 ms, found 2 plugins.
Preloading 0 native plugins for Editor in 0.00 ms.
Mono: successfully reloaded assembly
- Completed reload, in  1.048 seconds
Domain Reload Profiling:
	ReloadAssembly (1049ms)
		BeginReloadAssembly (138ms)
			ExecutionOrderSort (0ms)
			DisableScriptedObjects (0ms)
			BackupInstance (0ms)
			ReleaseScriptingObjects (0ms)
			CreateAndSetChildDomain (1ms)
		EndReloadAssembly (743ms)
			LoadAssemblies (142ms)
			RebuildTransferFunctionScriptingTraits (0ms)
			SetupTypeCache (185ms)
			ReleaseScriptCaches (0ms)
			RebuildScriptCaches (45ms)
			SetupLoadedEditorAssemblies (442ms)
				LogAssemblyErrors (0ms)
				InitializePlatformSupportModulesInManaged (116ms)
				SetLoadedEditorAssemblies (0ms)
				RefreshPlugins (112ms)
				BeforeProcessingInitializeOnLoad (2ms)
				ProcessInitializeOnLoadAttributes (131ms)
				ProcessInitializeOnLoadMethodAttributes (80ms)
				AfterProcessingInitializeOnLoad (0ms)
				EditorAssembliesLoaded (0ms)
			ExecutionOrderSort2 (0ms)
			AwakeInstancesAfterBackupRestoration (0ms)
Platform modules already initialized, skipping
Registering precompiled user dll's ...
Registered in 0.002863 seconds.
Begin MonoManager ReloadAssembly
Symbol file LoadedFromMemory doesn't match image /Users/dak_kiwon/My gms/Library/PackageCache/com.unity.visualscripting@1.7.8/Editor/VisualScripting.Core/Dependencies/YamlDotNet/Unity.VisualScripting.YamlDotNet.dll
Symbol file LoadedFromMemory doesn't match image /Users/dak_kiwon/My gms/Library/PackageCache/com.unity.visualscripting@1.7.8/Editor/VisualScripting.Core/Dependencies/DotNetZip/Unity.VisualScripting.IonicZip.dll
Native extension for iOS target not found
Native extension for Android target not found
Native extension for OSXStandalone target not found
Native extension for WebGL target not found
Refreshing native plugins compatible for Editor in 0.68 ms, found 2 plugins.
Preloading 0 native plugins for Editor in 0.00 ms.
Mono: successfully reloaded assembly
- Completed reload, in  1.752 seconds
Domain Reload Profiling:
	ReloadAssembly (1753ms)
		BeginReloadAssembly (260ms)
			ExecutionOrderSort (0ms)
			DisableScriptedObjects (7ms)
			BackupInstance (0ms)
			ReleaseScriptingObjects (0ms)
			CreateAndSetChildDomain (134ms)
		EndReloadAssembly (1267ms)
			LoadAssemblies (157ms)
			RebuildTransferFunctionScriptingTraits (0ms)
			SetupTypeCache (439ms)
			ReleaseScriptCaches (6ms)
			RebuildScriptCaches (83ms)
			SetupLoadedEditorAssemblies (527ms)
				LogAssemblyErrors (0ms)
				InitializePlatformSupportModulesInManaged (37ms)
				SetLoadedEditorAssemblies (1ms)
				RefreshPlugins (1ms)
				BeforeProcessingInitializeOnLoad (103ms)
				ProcessInitializeOnLoadAttributes (340ms)
				ProcessInitializeOnLoadMethodAttributes (43ms)
				AfterProcessingInitializeOnLoad (1ms)
				EditorAssembliesLoaded (0ms)
			ExecutionOrderSort2 (0ms)
			AwakeInstancesAfterBackupRestoration (6ms)
Platform modules already initialized, skipping
========================================================================
Worker process is ready to serve import requests
Launching external process: /Applications/Unity/Hub/Editor/2021.3.9f1/Unity.app/Contents/Tools/UnityShaderCompiler
Launched and connected shader compiler UnityShaderCompiler after 0.08 seconds
Refreshing native plugins compatible for Editor in 0.73 ms, found 2 plugins.
Preloading 0 native plugins for Editor in 0.00 ms.
Unloading 3502 Unused Serialized files (Serialized files now loaded: 0)
Unloading 29 unused Assets / (0.6 MB). Loaded Objects now: 3986.
Memory consumption went from 271.6 MB to 271.1 MB.
Total: 4.662497 ms (FindLiveObjects: 0.346174 ms CreateObjectMapping: 0.235938 ms MarkObjects: 3.633810 ms  DeleteObjects: 0.445643 ms)

AssetImportParameters requested are different than current active one (requested -> active):
  custom:video-decoder-ogg-theora: a1e56fd34408186e4bbccfd4996cb3dc -> 
  custom:container-muxer-webm: aa71ff27fc2769a1b78a27578f13a17b -> 
  custom:container-demuxer-webm: 4f35f7cbe854078d1ac9338744f61a02 -> 
  custom:video-encoder-webm-vp8: eb34c28f22e8b96e1ab97ce403110664 -> 
  custom:framework-osx-AVFoundation: e770b220cccbd017edd2c1fefb359320 -> 
  custom:audio-encoder-webm-vorbis: bf7c407c2cedff20999df2af8eb42d56 -> 
  custom:container-demuxer-ogg: 62fdf1f143b41e24485cea50d1cbac27 -> 
  custom:video-decoder-webm-vp8: 9c59270c3fd7afecdb556c50c9e8de78 -> 
  custom:audio-decoder-ogg-vorbis: bf7c407c2cedff20999df2af8eb42d56 -> 
========================================================================
Received Import Request.
  Time since last request: 8357.789886 seconds.
  path: Assets/Standard Assets/Characters/ThirdPersonCharacter/Textures/EthanNormals.png
  artifactKey: Guid(3b5b7be0f2332c24f89a2af018daa62d) Importer(815301076,1909f56bfc062723c751e8b465ee728b)
Start importing Assets/Standard Assets/Characters/ThirdPersonCharacter/Textures/EthanNormals.png using Guid(3b5b7be0f2332c24f89a2af018daa62d) Importer(815301076,1909f56bfc062723c751e8b465ee728b)  -> (artifact id: '4ea2f2cf26a337f0d9c44a0e2c1f8364') in 0.583245 seconds 
========================================================================
Received Import Request.
  Time since last request: 0.000124 seconds.
  path: Assets/Standard Assets/Effects/LightFlares/Textures/FlareStar.psd
  artifactKey: Guid(51dc82ef9d11c594d000e7c9e39e7c39) Importer(815301076,1909f56bfc062723c751e8b465ee728b)
Start importing Assets/Standard Assets/Effects/LightFlares/Textures/FlareStar.psd using Guid(51dc82ef9d11c594d000e7c9e39e7c39) Importer(815301076,1909f56bfc062723c751e8b465ee728b)  -> (artifact id: '94e4c3174fdfcdbbad5146aaebe53b80') in 0.152049 seconds 
========================================================================
Received Import Request.
  Time since last request: 0.000094 seconds.
  path: Assets/Standard Assets/Effects/Projectors/Textures/Light.psd
  artifactKey: Guid(b1d7fee26e54cc3498f6267f072a45b9) Importer(815301076,1909f56bfc062723c751e8b465ee728b)
Start importing Assets/Standard Assets/Effects/Projectors/Textures/Light.psd using Guid(b1d7fee26e54cc3498f6267f072a45b9) Importer(815301076,1909f56bfc062723c751e8b465ee728b)  -> (artifact id: 'd2d07127ab19a4065985bae3ed65206d') in 0.009603 seconds 
========================================================================
Received Import Request.
  Time since last request: 0.000079 seconds.
  path: Assets/Standard Assets/Effects/LightCookies/Textures/LightSquareCookie.psd
  artifactKey: Guid(69680b688d11eb9d30009b3b4241aa39) Importer(815301076,1909f56bfc062723c751e8b465ee728b)
Start importing Assets/Standard Assets/Effects/LightCookies/Textures/LightSquareCookie.psd using Guid(69680b688d11eb9d30009b3b4241aa39) Importer(815301076,1909f56bfc062723c751e8b465ee728b)  -> (artifact id: 'd7746340a7c8287d5e29663c7aacdd57') in 0.011597 seconds 
========================================================================
Received Import Request.
  Time since last request: 0.000099 seconds.
  path: Assets/Standard Assets/Effects/LightCookies/Textures/FlashlightIrregularCookie.tif
  artifactKey: Guid(641bb2dce818a8a499b537a1963889ac) Importer(815301076,1909f56bfc062723c751e8b465ee728b)
Start importing Assets/Standard Assets/Effects/LightCookies/Textures/FlashlightIrregularCookie.tif using Guid(641bb2dce818a8a499b537a1963889ac) Importer(815301076,1909f56bfc062723c751e8b465ee728b)  -> (artifact id: '9164057d69fc190a092aa423912e26d4') in 0.946321 seconds 
========================================================================
Received Import Request.
  Time since last request: 0.000102 seconds.
  path: Assets/Standard Assets/ParticleSystems/Textures/ParticleFlameLickSheet.png
  artifactKey: Guid(3587b30505d00a44c87d9c3b9d8bc35c) Importer(815301076,1909f56bfc062723c751e8b465ee728b)
Start importing Assets/Standard Assets/ParticleSystems/Textures/ParticleFlameLickSheet.png using Guid(3587b30505d00a44c87d9c3b9d8bc35c) Importer(815301076,1909f56bfc062723c751e8b465ee728b)  -> (artifact id: '7dbafd07b666068e0c7318384b233cff') in 0.010984 seconds 
========================================================================
Received Import Request.
  Time since last request: 0.000116 seconds.
  path: Assets/Standard Assets/Prototyping/Textures/SwatchTurquoiseAlbedo.png
  artifactKey: Guid(9c4d7ee42c7d4f944b2ce9d370fa265c) Importer(815301076,1909f56bfc062723c751e8b465ee728b)
Start importing Assets/Standard Assets/Prototyping/Textures/SwatchTurquoiseAlbedo.png using Guid(9c4d7ee42c7d4f944b2ce9d370fa265c) Importer(815301076,1909f56bfc062723c751e8b465ee728b)  -> (artifact id: '81aa60fafb53ccccad55775fdb4baeec') in 0.011748 seconds 
========================================================================
Received Import Request.
  Time since last request: 0.000095 seconds.
  path: Assets/Standard Assets/2D/Sprites/RobotBoyJumpSprite.png
  artifactKey: Guid(9e1a2edf6149977479db158e4fbf9671) Importer(815301076,1909f56bfc062723c751e8b465ee728b)
Start importing Assets/Standard Assets/2D/Sprites/RobotBoyJumpSprite.png using Guid(9e1a2edf6149977479db158e4fbf9671) Importer(815301076,1909f56bfc062723c751e8b465ee728b)  -> (artifact id: '59ba7a35dcdaac3e3327788e1a75a41e') in 0.344451 seconds 
========================================================================
Received Import Request.
  Time since last request: 0.000081 seconds.
  path: Assets/Standard Assets/ParticleSystems/Textures/ParticleBokeh.png
  artifactKey: Guid(732e2eebfe574ca47ba46cc3a67965fd) Importer(815301076,1909f56bfc062723c751e8b465ee728b)
Start importing Assets/Standard Assets/ParticleSystems/Textures/ParticleBokeh.png using Guid(732e2eebfe574ca47ba46cc3a67965fd) Importer(815301076,1909f56bfc062723c751e8b465ee728b)  -> (artifact id: 'e2df938c0f7fd9d22413ac6408885423') in 0.010208 seconds 
========================================================================
Received Import Request.
  Time since last request: 0.000160 seconds.
  path: Assets/Standard Assets/Vehicles/Car/Textures/SkyCarWheelNormals.png
  artifactKey: Guid(af58420b18450884782f4761c8f71952) Importer(815301076,1909f56bfc062723c751e8b465ee728b)
Start importing Assets/Standard Assets/Vehicles/Car/Textures/SkyCarWheelNormals.png using Guid(af58420b18450884782f4761c8f71952) Importer(815301076,1909f56bfc062723c751e8b465ee728b)  -> (artifact id: '4dc3d74389d94510a7d78fa417863161') in 0.012769 seconds 
========================================================================
Received Import Request.
  Time since last request: 0.000108 seconds.
  path: Assets/Standard Assets/Prototyping/Textures/SwatchWhiteAlbedo.png
  artifactKey: Guid(9d0b29cecf2678b41982d2173d3670ff) Importer(815301076,1909f56bfc062723c751e8b465ee728b)
Start importing Assets/Standard Assets/Prototyping/Textures/SwatchWhiteAlbedo.png using Guid(9d0b29cecf2678b41982d2173d3670ff) Importer(815301076,1909f56bfc062723c751e8b465ee728b)  -> (artifact id: 'c0a015db189e2f5a8aad2193f594edfd') in 0.009911 seconds 
========================================================================
Received Import Request.
  Time since last request: 0.000094 seconds.
  path: Assets/Standard Assets/Prototyping/Textures/SwatchMauveAlbedo.png
  artifactKey: Guid(c3edc74ae8207fd45a93c4ed8ee27567) Importer(815301076,1909f56bfc062723c751e8b465ee728b)
Start importing Assets/Standard Assets/Prototyping/Textures/SwatchMauveAlbedo.png using Guid(c3edc74ae8207fd45a93c4ed8ee27567) Importer(815301076,1909f56bfc062723c751e8b465ee728b)  -> (artifact id: '2ca405c3b789a400daa84c9adce17475') in 0.010327 seconds 
========================================================================
Received Import Request.
  Time since last request: 0.000073 seconds.
  path: Assets/Standard Assets/CrossPlatformInput/Sprites/TouchpadSprite.png
  artifactKey: Guid(e4f1fee3de32377429fd1348fae62b10) Importer(815301076,1909f56bfc062723c751e8b465ee728b)
Start importing Assets/Standard Assets/CrossPlatformInput/Sprites/TouchpadSprite.png using Guid(e4f1fee3de32377429fd1348fae62b10) Importer(815301076,1909f56bfc062723c751e8b465ee728b)  -> (artifact id: 'c6ff1bbf157035c69d1daf896ea56705') in 0.027056 seconds 
========================================================================
Received Import Request.
  Time since last request: 0.000078 seconds.
  path: Assets/Standard Assets/Prototyping/Textures/GridEmissive.png
  artifactKey: Guid(a196fd6788131ec459bfb26012466fc1) Importer(815301076,1909f56bfc062723c751e8b465ee728b)
Start importing Assets/Standard Assets/Prototyping/Textures/GridEmissive.png using Guid(a196fd6788131ec459bfb26012466fc1) Importer(815301076,1909f56bfc062723c751e8b465ee728b)  -> (artifact id: 'ad92ae58b68b92e17e4d8f9319e611a2') in 0.011219 seconds 
========================================================================
Received Import Request.
  Time since last request: 0.000089 seconds.
  path: Assets/Standard Assets/ParticleSystems/Textures/ParticleFlare.png
  artifactKey: Guid(76b24fa8a46a2c14f9a7df1e975dc4b9) Importer(815301076,1909f56bfc062723c751e8b465ee728b)
Start importing Assets/Standard Assets/ParticleSystems/Textures/ParticleFlare.png using Guid(76b24fa8a46a2c14f9a7df1e975dc4b9) Importer(815301076,1909f56bfc062723c751e8b465ee728b)  -> (artifact id: '3ccea435a8e81f0870c4d03f49a6ee46') in 0.010841 seconds 
========================================================================
Received Import Request.
  Time since last request: 0.000102 seconds.
  path: Assets/Standard Assets/ParticleSystems/Textures/ParticleFlamesSheet.png
  artifactKey: Guid(4e505ad81f5b19c4cb6f445d36463955) Importer(815301076,1909f56bfc062723c751e8b465ee728b)
Start importing Assets/Standard Assets/ParticleSystems/Textures/ParticleFlamesSheet.png using Guid(4e505ad81f5b19c4cb6f445d36463955) Importer(815301076,1909f56bfc062723c751e8b465ee728b)  -> (artifact id: 'c26357254464e17b79183b8a342f9b36') in 0.011200 seconds 
========================================================================
Received Import Request.
  Time since last request: 0.000085 seconds.
  path: Assets/Standard Assets/Vehicles/Car/Textures/SkyCarBodyOcclusion.png
  artifactKey: Guid(bd0d469704e7c934ebddc45ece4c1868) Importer(815301076,1909f56bfc062723c751e8b465ee728b)
Start importing Assets/Standard Assets/Vehicles/Car/Textures/SkyCarBodyOcclusion.png using Guid(bd0d469704e7c934ebddc45ece4c1868) Importer(815301076,1909f56bfc062723c751e8b465ee728b)  -> (artifact id: '06ba058fe481580460fcc61d1b7a92dd') in 0.017088 seconds 
========================================================================
Received Import Request.
  Time since last request: 0.000086 seconds.
  path: Assets/Standard Assets/CrossPlatformInput/Sprites/SliderHandleSprite.png
  artifactKey: Guid(0626b924325d1c34cafa6b22297f4e4f) Importer(815301076,1909f56bfc062723c751e8b465ee728b)
Start importing Assets/Standard Assets/CrossPlatformInput/Sprites/SliderHandleSprite.png using Guid(0626b924325d1c34cafa6b22297f4e4f) Importer(815301076,1909f56bfc062723c751e8b465ee728b)  -> (artifact id: 'dc007560da60fada8df4d2a8018fa49d') in 0.017775 seconds 
========================================================================
Received Import Request.
  Time since last request: 0.000150 seconds.
  path: Assets/Standard Assets/ParticleSystems/Textures/Spark.png
  artifactKey: Guid(269490de66e33a34dad45a50e3d4c168) Importer(815301076,1909f56bfc062723c751e8b465ee728b)
Start importing Assets/Standard Assets/ParticleSystems/Textures/Spark.png using Guid(269490de66e33a34dad45a50e3d4c168) Importer(815301076,1909f56bfc062723c751e8b465ee728b)  -> (artifact id: '9b86f3be894db8b96fa1728f0c25a473') in 0.009988 seconds 
========================================================================
Received Import Request.
  Time since last request: 0.000080 seconds.
  path: Assets/Standard Assets/ParticleSystems/Textures/SplashesLargeParticle.png
  artifactKey: Guid(832dc5a2501052b4d8f685a7cda3b30b) Importer(815301076,1909f56bfc062723c751e8b465ee728b)
Start importing Assets/Standard Assets/ParticleSystems/Textures/SplashesLargeParticle.png using Guid(832dc5a2501052b4d8f685a7cda3b30b) Importer(815301076,1909f56bfc062723c751e8b465ee728b)  -> (artifact id: '3fd6c86e2291446d23d5f87dbcfc6152') in 0.013506 seconds 
========================================================================
Received Import Request.
  Time since last request: 0.000096 seconds.
  path: Assets/Standard Assets/Effects/GlassRefraction/Textures/GlassStainedAlbedo.tif
  artifactKey: Guid(19555d7d9d114c7f1100f5ab44295342) Importer(815301076,1909f56bfc062723c751e8b465ee728b)
Start importing Assets/Standard Assets/Effects/GlassRefraction/Textures/GlassStainedAlbedo.tif using Guid(19555d7d9d114c7f1100f5ab44295342) Importer(815301076,1909f56bfc062723c751e8b465ee728b)  -> (artifact id: '31f964a2998786cff7ddc0f67e99beb9') in 0.013597 seconds 
========================================================================
Received Import Request.
  Time since last request: 0.000103 seconds.
  path: Assets/Standard Assets/Characters/RollerBall/Textures/RollerBallSpecularGloss.png
  artifactKey: Guid(7700d93a317c89246a647c7a6c3e7399) Importer(815301076,1909f56bfc062723c751e8b465ee728b)
Start importing Assets/Standard Assets/Characters/RollerBall/Textures/RollerBallSpecularGloss.png using Guid(7700d93a317c89246a647c7a6c3e7399) Importer(815301076,1909f56bfc062723c751e8b465ee728b)  -> (artifact id: '906cad45324c7ea2c27f775f2e2fafef') in 0.013322 seconds 
========================================================================
Received Import Request.
  Time since last request: 0.000097 seconds.
  path: Assets/Standard Assets/Prototyping/Textures/SwatchOrangeAlbedo.png
  artifactKey: Guid(8b939c5b46fae7e49af7d85f731ba4ec) Importer(815301076,1909f56bfc062723c751e8b465ee728b)
Start importing Assets/Standard Assets/Prototyping/Textures/SwatchOrangeAlbedo.png using Guid(8b939c5b46fae7e49af7d85f731ba4ec) Importer(815301076,1909f56bfc062723c751e8b465ee728b)  -> (artifact id: '0fdb19c73f33bc0ef1f8a560359402c1') in 0.010986 seconds 
========================================================================
Received Import Request.
  Time since last request: 0.000077 seconds.
  path: Assets/Standard Assets/Vehicles/Car/Textures/SkyCarLightsGlowAlpha.png
  artifactKey: Guid(6fc19647dd174e04e9793be879aea216) Importer(815301076,1909f56bfc062723c751e8b465ee728b)
Start importing Assets/Standard Assets/Vehicles/Car/Textures/SkyCarLightsGlowAlpha.png using Guid(6fc19647dd174e04e9793be879aea216) Importer(815301076,1909f56bfc062723c751e8b465ee728b)  -> (artifact id: 'd38c6bb59279371db806721eccd79d93') in 0.012080 seconds 
========================================================================
Received Import Request.
  Time since last request: 0.000073 seconds.
  path: Assets/Standard Assets/Effects/LightFlares/Textures/Flare50mm.psd
  artifactKey: Guid(23a02ac18d11c9ffa0009c58a8ad6659) Importer(815301076,1909f56bfc062723c751e8b465ee728b)
Start importing Assets/Standard Assets/Effects/LightFlares/Textures/Flare50mm.psd using Guid(23a02ac18d11c9ffa0009c58a8ad6659) Importer(815301076,1909f56bfc062723c751e8b465ee728b)  -> (artifact id: 'c9c652f67185c7f7ab53ce9e1c4a4ef8') in 0.010899 seconds 
========================================================================
Received Import Request.
  Time since last request: 0.000159 seconds.
  path: Assets/Standard Assets/Prototyping/Textures/SwatchYellowAlbedo.png
  artifactKey: Guid(b4646ae63b0bcca40b1bdde3b87e01bf) Importer(815301076,1909f56bfc062723c751e8b465ee728b)
Start importing Assets/Standard Assets/Prototyping/Textures/SwatchYellowAlbedo.png using Guid(b4646ae63b0bcca40b1bdde3b87e01bf) Importer(815301076,1909f56bfc062723c751e8b465ee728b)  -> (artifact id: 'd9550ec0792906d139fd553ba736945a') in 0.011975 seconds 
========================================================================
Received Import Request.
  Time since last request: 0.000128 seconds.
  path: Assets/Standard Assets/Vehicles/Car/Textures/SkyCarBodyNormals.png
  artifactKey: Guid(d4ffb7d0ebee510498fba9d50f2296f7) Importer(815301076,1909f56bfc062723c751e8b465ee728b)
Start importing Assets/Standard Assets/Vehicles/Car/Textures/SkyCarBodyNormals.png using Guid(d4ffb7d0ebee510498fba9d50f2296f7) Importer(815301076,1909f56bfc062723c751e8b465ee728b)  -> (artifact id: 'b6902f08d7ea43d2db30bec8663187e0') in 0.014650 seconds 
========================================================================
Received Import Request.
  Time since last request: 0.000115 seconds.
  path: Assets/Standard Assets/Vehicles/Car/Textures/SkyCarWheelOcclusion.png
  artifactKey: Guid(9486e5d1d37e86246b9bd1e314a8a721) Importer(815301076,1909f56bfc062723c751e8b465ee728b)
Start importing Assets/Standard Assets/Vehicles/Car/Textures/SkyCarWheelOcclusion.png using Guid(9486e5d1d37e86246b9bd1e314a8a721) Importer(815301076,1909f56bfc062723c751e8b465ee728b)  -> (artifact id: '498735c4dae5d9b90894c8f6acd010ca') in 0.010073 seconds 
========================================================================
Received Import Request.
  Time since last request: 0.000116 seconds.
  path: Assets/Standard Assets/Characters/RollerBall/Textures/RollerBallAlbedo.png
  artifactKey: Guid(4b42c70f54fe4f24d84cdc651f46c005) Importer(815301076,1909f56bfc062723c751e8b465ee728b)
Start importing Assets/Standard Assets/Characters/RollerBall/Textures/RollerBallAlbedo.png using Guid(4b42c70f54fe4f24d84cdc651f46c005) Importer(815301076,1909f56bfc062723c751e8b465ee728b)  -> (artifact id: '4a6286dc0920a3471453fe74b61a30b1') in 0.010141 seconds 
========================================================================
Received Import Request.
  Time since last request: 0.000108 seconds.
  path: Assets/Standard Assets/2D/Sprites/RobotBoyRunSprite.png
  artifactKey: Guid(803baf1ea73913f46b25e07d0a79df22) Importer(815301076,1909f56bfc062723c751e8b465ee728b)
Start importing Assets/Standard Assets/2D/Sprites/RobotBoyRunSprite.png using Guid(803baf1ea73913f46b25e07d0a79df22) Importer(815301076,1909f56bfc062723c751e8b465ee728b)  -> (artifact id: '7bf4883b87efde488a2fda06bda283f5') in 0.184474 seconds 
========================================================================
Received Import Request.
  Time since last request: 377.143140 seconds.
  path: Assets/Materials/Mat_FireFX 1.mat
  artifactKey: Guid(21f44b1e85512496ba5dc862a3f83012) Importer(815301076,1909f56bfc062723c751e8b465ee728b)
Start importing Assets/Materials/Mat_FireFX 1.mat using Guid(21f44b1e85512496ba5dc862a3f83012) Importer(815301076,1909f56bfc062723c751e8b465ee728b)  -> (artifact id: '3134b24bf04062045b8d6adc2ab95360') in 0.203579 seconds 
========================================================================
Received Import Request.
  Time since last request: 17.767417 seconds.
  path: Assets/Materials/Mat_SmokeFX.mat
  artifactKey: Guid(21f44b1e85512496ba5dc862a3f83012) Importer(815301076,1909f56bfc062723c751e8b465ee728b)
Start importing Assets/Materials/Mat_SmokeFX.mat using Guid(21f44b1e85512496ba5dc862a3f83012) Importer(815301076,1909f56bfc062723c751e8b465ee728b)  -> (artifact id: 'b09c3ff1d15a98ffcbe5a1f0cdeedd81') in 0.026062 seconds 
========================================================================
Received Import Request.
  Time since last request: 99.310283 seconds.
  path: Assets/Materials/Mat_SmokeFX.mat
  artifactKey: Guid(21f44b1e85512496ba5dc862a3f83012) Importer(815301076,1909f56bfc062723c751e8b465ee728b)
Start importing Assets/Materials/Mat_SmokeFX.mat using Guid(21f44b1e85512496ba5dc862a3f83012) Importer(815301076,1909f56bfc062723c751e8b465ee728b)  -> (artifact id: 'f6b87641911a00e95331632547271ea7') in 0.027996 seconds 
========================================================================
Received Import Request.
  Time since last request: 5.082351 seconds.
  path: Assets/Scenes/ParticleScene.unity
  artifactKey: Guid(3289d5f56e510496890d1e854f7a88c7) Importer(815301076,1909f56bfc062723c751e8b465ee728b)
Start importing Assets/Scenes/ParticleScene.unity using Guid(3289d5f56e510496890d1e854f7a88c7) Importer(815301076,1909f56bfc062723c751e8b465ee728b)  -> (artifact id: '74cce081e288531d7fb09a728911d6ba') in 0.001620 seconds 
